<?xml version="1.0" encoding="UTF-8"?>
<coverage generated="1749135052526" clover="3.2.0">
  <project timestamp="1749135052526" name="All files">
    <metrics statements="14" coveredstatements="4" conditionals="2" coveredconditionals="0" methods="1" coveredmethods="1" elements="17" coveredelements="5" complexity="0" loc="14" ncloc="14" packages="1" files="2" classes="2"/>
    <file name="firebase.ts" path="/Users/ryanmadden/studio/studio/src/lib/firebase.ts">
      <metrics statements="10" coveredstatements="0" conditionals="2" coveredconditionals="0" methods="0" coveredmethods="0"/>
      <line num="2" count="0" type="stmt"/>
      <line num="3" count="0" type="stmt"/>
      <line num="4" count="0" type="stmt"/>
      <line num="5" count="0" type="stmt"/>
      <line num="8" count="0" type="stmt"/>
      <line num="19" count="0" type="cond" truecount="0" falsecount="2"/>
      <line num="20" count="0" type="stmt"/>
      <line num="21" count="0" type="stmt"/>
      <line num="22" count="0" type="stmt"/>
      <line num="24" count="0" type="stmt"/>
    </file>
    <file name="utils.ts" path="/Users/ryanmadden/studio/studio/src/lib/utils.ts">
      <metrics statements="4" coveredstatements="4" conditionals="0" coveredconditionals="0" methods="1" coveredmethods="1"/>
      <line num="1" count="1" type="stmt"/>
      <line num="2" count="1" type="stmt"/>
      <line num="4" count="5" type="stmt"/>
      <line num="5" count="5" type="stmt"/>
    </file>
  </project>
</coverage>
