{"/Users/ryanmadden/studio/studio/src/lib/firebase.ts": {"path":"/Users/ryanmadden/studio/studio/src/lib/firebase.ts","statementMap":{"0":{"start":{"line":24,"column":8},"end":{"line":24,"column":11}},"1":{"start":{"line":24,"column":13},"end":{"line":24,"column":17}},"2":{"start":{"line":24,"column":19},"end":{"line":24,"column":21}},"3":{"start":{"line":24,"column":23},"end":{"line":24,"column":30}},"4":{"start":{"line":2,"column":45},"end":{"line":2,"column":null}},"5":{"start":{"line":3,"column":22},"end":{"line":3,"column":null}},"6":{"start":{"line":4,"column":27},"end":{"line":4,"column":null}},"7":{"start":{"line":5,"column":25},"end":{"line":5,"column":null}},"8":{"start":{"line":8,"column":23},"end":{"line":16,"column":null}},"9":{"start":{"line":19,"column":12},"end":{"line":19,"column":null}},"10":{"start":{"line":20,"column":13},"end":{"line":20,"column":null}},"11":{"start":{"line":21,"column":11},"end":{"line":21,"column":null}},"12":{"start":{"line":22,"column":16},"end":{"line":22,"column":null}}},"fnMap":{},"branchMap":{"0":{"loc":{"start":{"line":19,"column":12},"end":{"line":19,"column":null}},"type":"cond-expr","locations":[{"start":{"line":19,"column":32},"end":{"line":19,"column":64}},{"start":{"line":19,"column":64},"end":{"line":19,"column":null}}]}},"s":{"0":0,"1":0,"2":0,"3":0,"4":0,"5":0,"6":0,"7":0,"8":0,"9":0,"10":0,"11":0,"12":0},"f":{},"b":{"0":[0,0]}}
,"/Users/ryanmadden/studio/studio/src/lib/utils.ts": {"path":"/Users/ryanmadden/studio/studio/src/lib/utils.ts","statementMap":{"0":{"start":{"line":4,"column":16},"end":{"line":4,"column":19}},"1":{"start":{"line":1,"column":36},"end":{"line":1,"column":null}},"2":{"start":{"line":2,"column":22},"end":{"line":2,"column":null}},"3":{"start":{"line":5,"column":2},"end":{"line":5,"column":null}}},"fnMap":{"0":{"name":"cn","decl":{"start":{"line":4,"column":16},"end":{"line":4,"column":19}},"loc":{"start":{"line":4,"column":42},"end":{"line":6,"column":null}}}},"branchMap":{},"s":{"0":5,"1":1,"2":1,"3":5},"f":{"0":5},"b":{}}
}
